[2023-02-21T13:34:40.619866+00:00] pagebuilder.ERROR: ReflectionException: Class Magento\Backend\Model\Auth\Session\Interceptor does not exist in /var/www/html/Magento2/lib/internal/Magento/Framework/Code/Reader/ClassReader.php:34
Stack trace:
#0 /var/www/html/Magento2/lib/internal/Magento/Framework/Code/Reader/ClassReader.php(34): ReflectionClass->__construct()
#1 /var/www/html/Magento2/lib/internal/Magento/Framework/ObjectManager/Definition/Runtime.php(54): Magento\Framework\Code\Reader\ClassReader->getConstructor()
#2 /var/www/html/Magento2/lib/internal/Magento/Framework/ObjectManager/Factory/Dynamic/Developer.php(48): Magento\Framework\ObjectManager\Definition\Runtime->getParameters()
#3 /var/www/html/Magento2/lib/internal/Magento/Framework/ObjectManager/ObjectManager.php(70): Magento\Framework\ObjectManager\Factory\Dynamic\Developer->create()
#4 /var/www/html/Magento2/lib/internal/Magento/Framework/ObjectManager/Factory/AbstractFactory.php(170): Magento\Framework\ObjectManager\ObjectManager->get()
#5 /var/www/html/Magento2/lib/internal/Magento/Framework/ObjectManager/Factory/AbstractFactory.php(276): Magento\Framework\ObjectManager\Factory\AbstractFactory->resolveArgument()
#6 /var/www/html/Magento2/lib/internal/Magento/Framework/ObjectManager/Factory/AbstractFactory.php(239): Magento\Framework\ObjectManager\Factory\AbstractFactory->getResolvedArgument()
#7 /var/www/html/Magento2/lib/internal/Magento/Framework/ObjectManager/Factory/Dynamic/Developer.php(34): Magento\Framework\ObjectManager\Factory\AbstractFactory->resolveArgumentsInRuntime()
#8 /var/www/html/Magento2/lib/internal/Magento/Framework/ObjectManager/Factory/Dynamic/Developer.php(59): Magento\Framework\ObjectManager\Factory\Dynamic\Developer->_resolveArguments()
#9 /var/www/html/Magento2/lib/internal/Magento/Framework/ObjectManager/ObjectManager.php(70): Magento\Framework\ObjectManager\Factory\Dynamic\Developer->create()
#10 /var/www/html/Magento2/lib/internal/Magento/Framework/ObjectManager/Factory/AbstractFactory.php(170): Magento\Framework\ObjectManager\ObjectManager->get()
#11 /var/www/html/Magento2/lib/internal/Magento/Framework/ObjectManager/Factory/AbstractFactory.php(276): Magento\Framework\ObjectManager\Factory\AbstractFactory->resolveArgument()
#12 /var/www/html/Magento2/lib/internal/Magento/Framework/ObjectManager/Factory/AbstractFactory.php(239): Magento\Framework\ObjectManager\Factory\AbstractFactory->getResolvedArgument()
#13 /var/www/html/Magento2/lib/internal/Magento/Framework/ObjectManager/Factory/Dynamic/Developer.php(34): Magento\Framework\ObjectManager\Factory\AbstractFactory->resolveArgumentsInRuntime()
#14 /var/www/html/Magento2/lib/internal/Magento/Framework/ObjectManager/Factory/Dynamic/Developer.php(59): Magento\Framework\ObjectManager\Factory\Dynamic\Developer->_resolveArguments()
#15 /var/www/html/Magento2/lib/internal/Magento/Framework/ObjectManager/ObjectManager.php(70): Magento\Framework\ObjectManager\Factory\Dynamic\Developer->create()
#16 /var/www/html/Magento2/vendor/goomento/module-core/Traits/TraitStaticInstances.php(22): Magento\Framework\ObjectManager\ObjectManager->get()
#17 /var/www/html/Magento2/vendor/goomento/module-page-builder/Helper/AuthorizationHelper.php(34): Goomento\PageBuilder\Helper\AuthorizationHelper::getInstance()
#18 /var/www/html/Magento2/vendor/goomento/module-core/Traits/TraitStaticCaller.php(30): Goomento\PageBuilder\Helper\AuthorizationHelper::getStaticInstance()
#19 /var/www/html/Magento2/vendor/goomento/module-page-builder/Helper/AuthorizationHelper.php(43): Goomento\PageBuilder\Helper\AuthorizationHelper::__callStatic()
#20 /var/www/html/Magento2/vendor/goomento/module-page-builder/Builder/Managers/Sources.php(357): Goomento\PageBuilder\Helper\AuthorizationHelper::isCurrentUserCan()
#21 /var/www/html/Magento2/vendor/goomento/module-page-builder/Model/ContentImportProcessor.php(32): Goomento\PageBuilder\Builder\Managers\Sources->importTemplate()
#22 /var/www/html/Magento2/vendor/goomento/module-page-builder/Model/SampleImporterProcessor.php(235): Goomento\PageBuilder\Model\ContentImportProcessor->import()
#23 [internal function]: Goomento\PageBuilder\Model\SampleImporterProcessor->Goomento\PageBuilder\Model\{closure}()
#24 /var/www/html/Magento2/lib/internal/Magento/Framework/App/State.php(187): call_user_func_array()
#25 /var/www/html/Magento2/generated/code/Magento/Framework/App/State/Interceptor.php(68): Magento\Framework\App\State->emulateAreaCode()
#26 /var/www/html/Magento2/vendor/goomento/module-page-builder/Model/SampleImporterProcessor.php(241): Magento\Framework\App\State\Interceptor->emulateAreaCode()
#27 /var/www/html/Magento2/vendor/goomento/module-page-builder-sample-data/Setup/Patch/Data/LumaSampleImportV1.php(55): Goomento\PageBuilder\Model\SampleImporterProcessor->import()
#28 /var/www/html/Magento2/lib/internal/Magento/Framework/Setup/Patch/PatchApplier.php(162): Goomento\PageBuilderSampleData\Setup\Patch\Data\LumaSampleImportV1->apply()
#29 /var/www/html/Magento2/setup/src/Magento/Setup/Model/Installer.php(1094): Magento\Framework\Setup\Patch\PatchApplier->applyDataPatch()
#30 /var/www/html/Magento2/setup/src/Magento/Setup/Model/Installer.php(960): Magento\Setup\Model\Installer->handleDBSchemaData()
#31 /var/www/html/Magento2/setup/src/Magento/Setup/Console/Command/UpgradeCommand.php(147): Magento\Setup\Model\Installer->installDataFixtures()
#32 /var/www/html/Magento2/vendor/symfony/console/Command/Command.php(255): Magento\Setup\Console\Command\UpgradeCommand->execute()
#33 /var/www/html/Magento2/vendor/symfony/console/Application.php(1009): Symfony\Component\Console\Command\Command->run()
#34 /var/www/html/Magento2/vendor/symfony/console/Application.php(273): Symfony\Component\Console\Application->doRunCommand()
#35 /var/www/html/Magento2/lib/internal/Magento/Framework/Console/Cli.php(115): Symfony\Component\Console\Application->doRun()
#36 /var/www/html/Magento2/vendor/symfony/console/Application.php(149): Magento\Framework\Console\Cli->doRun()
#37 /var/www/html/Magento2/bin/magento(23): Symfony\Component\Console\Application->run()
#38 {main} [] []
